0 info it worked if it ends with ok
1 verbose cli [ 'node', '/usr/local/bin/npm', 'install', 'semantic-ui' ]
2 info using npm@2.7.4
3 info using node@v0.12.2
4 warn package.json suaclinica@1.0.0 No description
5 warn package.json suaclinica@1.0.0 No repository field.
6 warn package.json suaclinica@1.0.0 No README data
7 silly cache add args [ 'semantic-ui', null ]
8 verbose cache add spec semantic-ui
9 silly cache add parsed spec { raw: 'semantic-ui',
9 silly cache add   scope: null,
9 silly cache add   name: 'semantic-ui',
9 silly cache add   rawSpec: '',
9 silly cache add   spec: '*',
9 silly cache add   type: 'range' }
10 verbose addNamed semantic-ui@*
11 silly addNamed semver.valid null
12 silly addNamed semver.validRange *
13 silly addNameRange { name: 'semantic-ui', range: '*', hasData: false }
14 silly mapToRegistry name semantic-ui
15 silly mapToRegistry using default registry
16 silly mapToRegistry registry https://registry.npmjs.org/
17 silly mapToRegistry uri https://registry.npmjs.org/semantic-ui
18 verbose addNameRange registry:https://registry.npmjs.org/semantic-ui not in flight; fetching
19 verbose request uri https://registry.npmjs.org/semantic-ui
20 verbose request no auth needed
21 info attempt registry request try #1 at 18:09:38
22 verbose request id 85d953252cc80d32
23 http request GET https://registry.npmjs.org/semantic-ui
24 http 200 https://registry.npmjs.org/semantic-ui
25 silly get cb [ 200,
25 silly get   { server: 'CouchDB/1.5.0 (Erlang OTP/R16B03)',
25 silly get     etag: '"BVV9O4SD5T8A2ERCE3K8CEDB7"',
25 silly get     'content-type': 'application/json',
25 silly get     'cache-control': 'max-age=60',
25 silly get     'content-length': '95333',
25 silly get     'accept-ranges': 'bytes',
25 silly get     date: 'Fri, 29 May 2015 21:09:39 GMT',
25 silly get     via: '1.1 varnish',
25 silly get     age: '0',
25 silly get     connection: 'keep-alive',
25 silly get     'x-served-by': 'cache-atl6234-ATL',
25 silly get     'x-cache': 'MISS',
25 silly get     'x-cache-hits': '0',
25 silly get     'x-timer': 'S1432933778.914984,VS0,VE97',
25 silly get     vary: 'Accept' } ]
26 verbose get saving semantic-ui to /Users/bluevox/.npm/registry.npmjs.org/semantic-ui/.cache.json
27 silly addNameRange number 2 { name: 'semantic-ui', range: '*', hasData: true }
28 silly addNameRange versions [ 'semantic-ui',
28 silly addNameRange   [ '0.18.0',
28 silly addNameRange     '0.19.3',
28 silly addNameRange     '1.0.1',
28 silly addNameRange     '1.1.0',
28 silly addNameRange     '1.1.1',
28 silly addNameRange     '1.1.2',
28 silly addNameRange     '1.2.0',
28 silly addNameRange     '1.3.0',
28 silly addNameRange     '1.3.1',
28 silly addNameRange     '1.3.2',
28 silly addNameRange     '1.4.0',
28 silly addNameRange     '1.4.1',
28 silly addNameRange     '1.5.0',
28 silly addNameRange     '1.5.2',
28 silly addNameRange     '1.6.0',
28 silly addNameRange     '1.6.1',
28 silly addNameRange     '1.6.2',
28 silly addNameRange     '1.6.4',
28 silly addNameRange     '1.7.0',
28 silly addNameRange     '1.7.1',
28 silly addNameRange     '1.7.2',
28 silly addNameRange     '1.7.3',
28 silly addNameRange     '1.8.0',
28 silly addNameRange     '1.8.1',
28 silly addNameRange     '1.9.0',
28 silly addNameRange     '1.9.1',
28 silly addNameRange     '1.9.3',
28 silly addNameRange     '1.10.0',
28 silly addNameRange     '1.10.2',
28 silly addNameRange     '1.10.3',
28 silly addNameRange     '1.11.0',
28 silly addNameRange     '1.11.1',
28 silly addNameRange     '1.11.2',
28 silly addNameRange     '1.11.3',
28 silly addNameRange     '1.11.4',
28 silly addNameRange     '1.11.5',
28 silly addNameRange     '1.11.6',
28 silly addNameRange     '1.11.7',
28 silly addNameRange     '1.11.8',
28 silly addNameRange     '1.12.0',
28 silly addNameRange     '1.12.1',
28 silly addNameRange     '1.12.2',
28 silly addNameRange     '1.12.3' ] ]
29 verbose addNamed semantic-ui@1.12.3
30 silly addNamed semver.valid 1.12.3
31 silly addNamed semver.validRange 1.12.3
32 silly mapToRegistry name semantic-ui
33 silly mapToRegistry using default registry
34 silly mapToRegistry registry https://registry.npmjs.org/
35 silly mapToRegistry uri https://registry.npmjs.org/semantic-ui
36 verbose addRemoteTarball https://registry.npmjs.org/semantic-ui/-/semantic-ui-1.12.3.tgz not in flight; adding
37 verbose addRemoteTarball [ 'https://registry.npmjs.org/semantic-ui/-/semantic-ui-1.12.3.tgz',
37 verbose addRemoteTarball   'eca1adff39c09b1c051c7ca5313394ecaf849a59' ]
38 info retry fetch attempt 1 at 18:09:39
39 info attempt registry request try #1 at 18:09:39
40 http fetch GET https://registry.npmjs.org/semantic-ui/-/semantic-ui-1.12.3.tgz
41 http fetch 200 https://registry.npmjs.org/semantic-ui/-/semantic-ui-1.12.3.tgz
42 silly fetchAndShaCheck shasum eca1adff39c09b1c051c7ca5313394ecaf849a59
43 verbose addTmpTarball /var/folders/zh/s422z1zn2n388003g70_40s00000gn/T/npm-28139-355050e4/registry.npmjs.org/semantic-ui/-/semantic-ui-1.12.3.tgz not in flight; adding
44 verbose addTmpTarball already have metadata; skipping unpack for semantic-ui@1.12.3
45 silly cache afterAdd semantic-ui@1.12.3
46 verbose afterAdd /Users/bluevox/.npm/semantic-ui/1.12.3/package/package.json not in flight; writing
47 verbose afterAdd /Users/bluevox/.npm/semantic-ui/1.12.3/package/package.json written
48 silly install resolved [ { name: 'semantic-ui',
48 silly install resolved     version: '1.12.3',
48 silly install resolved     title: 'Semantic UI',
48 silly install resolved     description: 'Semantic empowers designers and developers by creating a shared vocabulary for UI.',
48 silly install resolved     homepage: 'http://www.semantic-ui.com',
48 silly install resolved     author: { name: 'Jack Lukic', email: 'jack@semantic-ui.com' },
48 silly install resolved     license: 'MIT',
48 silly install resolved     repository:
48 silly install resolved      { type: 'git',
48 silly install resolved        url: 'git://github.com/Semantic-Org/Semantic-UI.git' },
48 silly install resolved     bugs: { url: 'https://github.com/Semantic-Org/Semantic-UI/issues' },
48 silly install resolved     scripts: { install: 'gulp install' },
48 silly install resolved     peerDependencies:
48 silly install resolved      { 'better-console': '0.*',
48 silly install resolved        del: '1.*',
48 silly install resolved        extend: '2.*',
48 silly install resolved        gulp: '3.*',
48 silly install resolved        'gulp-autoprefixer': '2.*',
48 silly install resolved        'gulp-chmod': '1.*',
48 silly install resolved        'gulp-clone': '1.*',
48 silly install resolved        'gulp-concat': '2.*',
48 silly install resolved        'gulp-concat-css': '2.*',
48 silly install resolved        'gulp-copy': '0.*',
48 silly install resolved        'gulp-flatten': '0.*',
48 silly install resolved        'gulp-header': '1.*',
48 silly install resolved        'gulp-help': '1.*',
48 silly install resolved        'gulp-if': '1.*',
48 silly install resolved        'gulp-less': '3.*',
48 silly install resolved        'gulp-minify-css': '0.*',
48 silly install resolved        'gulp-notify': '2.*',
48 silly install resolved        'gulp-plumber': '0.*',
48 silly install resolved        'gulp-print': '1.*',
48 silly install resolved        'gulp-replace': '0.*',
48 silly install resolved        'gulp-rename': '1.*',
48 silly install resolved        'gulp-rtlcss': '0.*',
48 silly install resolved        'gulp-uglify': '1.*',
48 silly install resolved        'gulp-util': '3.*',
48 silly install resolved        'gulp-watch': '4.*',
48 silly install resolved        'require-dot-file': '0.*' },
48 silly install resolved     dependencies:
48 silly install resolved      { 'better-console': '0.*',
48 silly install resolved        del: '1.*',
48 silly install resolved        extend: '2.*',
48 silly install resolved        gulp: '3.*',
48 silly install resolved        'gulp-autoprefixer': '2.*',
48 silly install resolved        'gulp-chmod': '1.*',
48 silly install resolved        'gulp-clone': '1.*',
48 silly install resolved        'gulp-concat': '2.*',
48 silly install resolved        'gulp-concat-css': '2.*',
48 silly install resolved        'gulp-copy': '0.*',
48 silly install resolved        'gulp-flatten': '0.*',
48 silly install resolved        'gulp-header': '1.*',
48 silly install resolved        'gulp-help': '1.*',
48 silly install resolved        'gulp-if': '1.*',
48 silly install resolved        'gulp-json-editor': '2.*',
48 silly install resolved        'gulp-less': '3.*',
48 silly install resolved        'gulp-minify-css': '0.*',
48 silly install resolved        'gulp-notify': '2.*',
48 silly install resolved        'gulp-plumber': '0.*',
48 silly install resolved        'gulp-print': '1.*',
48 silly install resolved        'gulp-prompt': '0.*',
48 silly install resolved        'gulp-rename': '1.*',
48 silly install resolved        'gulp-replace': '0.*',
48 silly install resolved        'gulp-rtlcss': '0.*',
48 silly install resolved        'gulp-uglify': '1.*',
48 silly install resolved        'gulp-util': '3.*',
48 silly install resolved        'gulp-watch': '4.*',
48 silly install resolved        jquery: 'x.*',
48 silly install resolved        mkdirp: '0.*',
48 silly install resolved        'require-dot-file': '0.*',
48 silly install resolved        wrench: 'https://github.com/derekslife/wrench-js/tarball/156eaceed68ed31ffe2a3ecfbcb2be6ed1417fb2' },
48 silly install resolved     devDependencies:
48 silly install resolved      { github: '^0.2.3',
48 silly install resolved        'gulp-concat-filenames': '^0.0.3',
48 silly install resolved        'merge-stream': '^0.1.7',
48 silly install resolved        'gulp-debug': '^2.0.1',
48 silly install resolved        'gulp-git': '^1.0.0',
48 silly install resolved        'gulp-tap': '^0.1.3',
48 silly install resolved        'run-sequence': '^1.0.2' },
48 silly install resolved     gitHead: '069ea0aef47ce4f32c1c17b4f6a9a4effddc9600',
48 silly install resolved     _id: 'semantic-ui@1.12.3',
48 silly install resolved     _shasum: 'eca1adff39c09b1c051c7ca5313394ecaf849a59',
48 silly install resolved     _from: 'semantic-ui@*',
48 silly install resolved     _npmVersion: '2.1.6',
48 silly install resolved     _nodeVersion: '0.10.37',
48 silly install resolved     _npmUser: { name: 'semantic-bot', email: 'bot@semantic-ui.com' },
48 silly install resolved     maintainers: [ [Object], [Object] ],
48 silly install resolved     dist:
48 silly install resolved      { shasum: 'eca1adff39c09b1c051c7ca5313394ecaf849a59',
48 silly install resolved        tarball: 'http://registry.npmjs.org/semantic-ui/-/semantic-ui-1.12.3.tgz' },
48 silly install resolved     directories: {},
48 silly install resolved     _resolved: 'https://registry.npmjs.org/semantic-ui/-/semantic-ui-1.12.3.tgz' } ]
49 info install semantic-ui@1.12.3 into /Users/bluevox/Workspace/node/temp
50 info installOne semantic-ui@1.12.3
51 verbose installOne of semantic-ui to /Users/bluevox/Workspace/node/temp not in flight; installing
52 warn locking Error: EACCES, open '/Users/bluevox/.npm/_locks/semantic-ui-554bcbbe63d7f237.lock'
52 warn locking     at Error (native)
52 warn locking  /Users/bluevox/.npm/_locks/semantic-ui-554bcbbe63d7f237.lock failed { [Error: EACCES, open '/Users/bluevox/.npm/_locks/semantic-ui-554bcbbe63d7f237.lock']
52 warn locking   errno: -13,
52 warn locking   code: 'EACCES',
52 warn locking   path: '/Users/bluevox/.npm/_locks/semantic-ui-554bcbbe63d7f237.lock' }
53 verbose stack Error: Attempt to unlock /Users/bluevox/Workspace/node/temp/node_modules/semantic-ui, which hasn't been locked
53 verbose stack     at unlock (/usr/local/lib/node_modules/npm/lib/utils/locker.js:66:11)
53 verbose stack     at cb (/usr/local/lib/node_modules/npm/lib/install.js:1004:5)
53 verbose stack     at /usr/local/lib/node_modules/npm/lib/install.js:1008:20
53 verbose stack     at /usr/local/lib/node_modules/npm/lib/utils/locker.js:40:9
53 verbose stack     at cb (/usr/local/lib/node_modules/npm/node_modules/lockfile/lockfile.js:149:38)
53 verbose stack     at /usr/local/lib/node_modules/npm/node_modules/lockfile/lockfile.js:177:38
53 verbose stack     at FSReqWrap.oncomplete (fs.js:95:15)
54 verbose cwd /Users/bluevox/Workspace/node/temp
55 error Darwin 14.3.0
56 error argv "node" "/usr/local/bin/npm" "install" "semantic-ui"
57 error node v0.12.2
58 error npm  v2.7.4
59 error Attempt to unlock /Users/bluevox/Workspace/node/temp/node_modules/semantic-ui, which hasn't been locked
60 error If you need help, you may report this error at:
60 error     <https://github.com/npm/npm/issues>
61 verbose exit [ 1, true ]
